[2020-07-17T17:05:36.596] [ERROR] cheese - Error: write EPROTO 5636:error:1425F102:SSL routines:ssl_choose_client_version:unsupported protocol:c:\ws\deps\openssl\openssl\ssl\statem\statem_lib.c:1942:

    at WriteWrap.onWriteComplete [as oncomplete] (internal/stream_base_commons.js:92:16) {
  errno: 'EPROTO',
  code: 'EPROTO',
  syscall: 'write',
  config: {
    url: 'https://crm.g-home.cn/jrest/goldenhomecrm/customer/getCustomerOtherInfo',
    method: 'post',
    headers: {
      Accept: 'application/json, text/plain, */*',
      'Content-Type': 'application/x-www-form-urlencoded',
      'User-Agent': 'axios/0.19.2'
    },
    transformRequest: [ [Function: transformRequest] ],
    transformResponse: [ [Function: transformResponse] ],
    timeout: 0,
    adapter: [Function: httpAdapter],
    xsrfCookieName: 'XSRF-TOKEN',
    xsrfHeaderName: 'X-XSRF-TOKEN',
    maxContentLength: -1,
    validateStatus: [Function: validateStatus],
    data: undefined
  },
  request: Writable {
    _writableState: WritableState {
      objectMode: false,
      highWaterMark: 16384,
      finalCalled: false,
      needDrain: false,
      ending: false,
      ended: false,
      finished: false,
      destroyed: false,
      decodeStrings: true,
      defaultEncoding: 'utf8',
      length: 0,
      writing: false,
      corked: 0,
      sync: true,
      bufferProcessing: false,
      onwrite: [Function: bound onwrite],
      writecb: null,
      writelen: 0,
      afterWriteTickInfo: null,
      bufferedRequest: null,
      lastBufferedRequest: null,
      pendingcb: 0,
      prefinished: false,
      errorEmitted: false,
      emitClose: true,
      autoDestroy: false,
      bufferedRequestCount: 0,
      corkedRequestsFree: [Object]
    },
    writable: true,
    _events: [Object: null prototype] {
      response: [Function: handleResponse],
      error: [Function: handleRequestError]
    },
    _eventsCount: 2,
    _maxListeners: undefined,
    _options: {
      protocol: 'https:',
      maxRedirects: 21,
      maxBodyLength: 10485760,
      path: '/jrest/goldenhomecrm/customer/getCustomerOtherInfo',
      method: 'POST',
      headers: [Object],
      agent: undefined,
      agents: [Object],
      auth: undefined,
      hostname: 'crm.g-home.cn',
      port: null,
      nativeProtocols: [Object],
      pathname: '/jrest/goldenhomecrm/customer/getCustomerOtherInfo'
    },
    _redirectCount: 0,
    _redirects: [],
    _requestBodyLength: 0,
    _requestBodyBuffers: [],
    _onNativeResponse: [Function],
    _currentRequest: ClientRequest {
      _events: [Object: null prototype],
      _eventsCount: 6,
      _maxListeners: undefined,
      outputData: [],
      outputSize: 0,
      writable: true,
      _last: true,
      chunkedEncoding: false,
      shouldKeepAlive: false,
      useChunkedEncodingByDefault: true,
      sendDate: false,
      _removedConnection: false,
      _removedContLen: false,
      _removedTE: false,
      _contentLength: 0,
      _hasBody: true,
      _trailer: '',
      finished: true,
      _headerSent: true,
      socket: [TLSSocket],
      connection: [TLSSocket],
      _header: 'POST /jrest/goldenhomecrm/customer/getCustomerOtherInfo HTTP/1.1\r\n' +
        'Accept: application/json, text/plain, */*\r\n' +
        'Content-Type: application/x-www-form-urlencoded\r\n' +
        'User-Agent: axios/0.19.2\r\n' +
        'Host: crm.g-home.cn\r\n' +
        'Connection: close\r\n' +
        'Content-Length: 0\r\n' +
        '\r\n',
      _onPendingData: [Function: noopPendingOutput],
      agent: [Agent],
      socketPath: undefined,
      method: 'POST',
      insecureHTTPParser: undefined,
      path: '/jrest/goldenhomecrm/customer/getCustomerOtherInfo',
      _ended: false,
      res: null,
      aborted: false,
      timeoutCb: null,
      upgradeOrConnect: false,
      parser: null,
      maxHeadersCount: null,
      reusedSocket: false,
      _redirectable: [Circular],
      [Symbol(kCapture)]: false,
      [Symbol(kNeedDrain)]: false,
      [Symbol(corked)]: 0,
      [Symbol(kOutHeaders)]: [Object: null prototype]
    },
    _currentUrl: 'https://crm.g-home.cn/jrest/goldenhomecrm/customer/getCustomerOtherInfo',
    [Symbol(kCapture)]: false
  },
  response: undefined,
  isAxiosError: true,
  toJSON: [Function]
}
