[2020-07-23T17:29:25.131] [ERROR] cheese - [Error: ENOENT: no such file or directory,
 open 'E:\tc\新建文件夹 (3)\node\git\project-books\src\index.html'] {
  errno: -4058,
  code: 'ENOENT',
  syscall: 'open',
  path: 'E:\\tc\\新建文件夹 (3)\\node\\git\\project-books\\src\\index.html'
}
[2020-07-23T17:30:17.776] [ERROR] cheese - [Error: ENOENT: no such file or directory,
 open 'E:\tc\新建文件夹 (3)\node\git\project-books\src\web\views\index.html'] {
  errno: -4058,
  code: 'ENOENT',
  syscall: 'open',
  path: 'E:\\tc\\新建文件夹 (3)\\node\\git\\project-books\\src\\web\\views\\index.html'
}
[2020-07-23T17:31:27.746] [ERROR] cheese - [Error: ENOENT: no such file or directory, 
open 'E:\tc\新建文件夹 (3)\node\git\project-books\src\web\views\index\index.html'] {
  errno: -4058,
  code: 'ENOENT',
  syscall: 'open',
  path: 'E:\\tc\\新建文件夹 (3)\\node\\git\\project-books\\src\\web\\views\\index\\index.html'
}
[2020-07-25T17:15:48.978] [ERROR] cheese - [Error: ENOENT: no such file or directory, open 'E:\tc\新建文件夹 (3)\node\git\project-books\web\views\index\pages\index.html'] {
  errno: -4058,
  code: 'ENOENT',
  syscall: 'open',
  path: 'E:\\tc\\新建文件夹 (3)\\node\\git\\project-books\\web\\views\\index\\pages\\index.html'
}
[2020-07-25T17:15:53.298] [ERROR] cheese - [Error: ENOENT: no such file or directory, open 'E:\tc\新建文件夹 (3)\node\git\project-books\web\views\index\pages\index.html'] {
  errno: -4058,
  code: 'ENOENT',
  syscall: 'open',
  path: 'E:\\tc\\新建文件夹 (3)\\node\\git\\project-books\\web\\views\\index\\pages\\index.html'
}
